# JRE version: Java(TM) SE Runtime Environment (17.0.8+9) (build 17.0.8+9-LTS-211)
# Java VM: Java HotSpot(TM) 64-Bit Server VM (17.0.8+9-LTS-211, mixed mode, sharing, tiered, compressed oops, compressed class ptrs, g1 gc, windows-amd64)
GC Precious Log:
 CPUs: 4 total, 4 available
 Memory: 8057M
 Large Page Support: Disabled
 NUMA Support: Disabled
 Compressed Oops: Enabled (32-bit)
 Heap Region Size: 1M
 Heap Min Capacity: 256M
 Heap Initial Capacity: 256M
 Heap Max Capacity: 512M
 Pre-touch: Disabled
 Parallel Workers: 4
 Concurrent Workers: 1
 Concurrent Refinement Workers: 4
 Periodic GC: Disabled
Heap:
 garbage-first heap   total 262144K, used 72893K [0x00000000e0000000, 0x0000000100000000)
  region size 1024K, 41 young (41984K), 1 survivors (1024K)
 Metaspace       used 40676K, committed 41024K, reserved 393216K
  class space    used 5674K, committed 5824K, reserved 327680K
GC Heap History (14 events):
Event: 0.648 GC heap before
{Heap before GC invocations=0 (full 0):
 garbage-first heap   total 262144K, used 13312K [0x00000000e0000000, 0x0000000100000000)
  region size 1024K, 13 young (13312K), 0 survivors (0K)
 Metaspace       used 1036K, committed 1152K, reserved 393216K
  class space    used 82K, committed 128K, reserved 327680K
}
Event: 0.653 GC heap after
{Heap after GC invocations=1 (full 0):
 garbage-first heap   total 262144K, used 3457K [0x00000000e0000000, 0x0000000100000000)
  region size 1024K, 2 young (2048K), 2 survivors (2048K)
 Metaspace       used 1036K, committed 1152K, reserved 393216K
  class space    used 82K, committed 128K, reserved 327680K
}
Event: 1.299 GC heap before
{Heap before GC invocations=1 (full 0):
 garbage-first heap   total 262144K, used 22913K [0x00000000e0000000, 0x0000000100000000)
  region size 1024K, 17 young (17408K), 2 survivors (2048K)
 Metaspace       used 3842K, committed 4032K, reserved 393216K
  class space    used 487K, committed 576K, reserved 327680K
}
Event: 1.304 GC heap after
{Heap after GC invocations=2 (full 0):
 garbage-first heap   total 262144K, used 10739K [0x00000000e0000000, 0x0000000100000000)
  region size 1024K, 3 young (3072K), 3 survivors (3072K)
 Metaspace       used 3842K, committed 4032K, reserved 393216K
  class space    used 487K, committed 576K, reserved 327680K
}
Event: 1.803 GC heap before
{Heap before GC invocations=2 (full 0):
 garbage-first heap   total 262144K, used 32243K [0x00000000e0000000, 0x0000000100000000)
  region size 1024K, 25 young (25600K), 3 survivors (3072K)
 Metaspace       used 4002K, committed 4160K, reserved 393216K
  class space    used 491K, committed 576K, reserved 327680K
}
Event: 1.807 GC heap after
{Heap after GC invocations=3 (full 0):
 garbage-first heap   total 262144K, used 12786K [0x00000000e0000000, 0x0000000100000000)
  region size 1024K, 2 young (2048K), 2 survivors (2048K)
 Metaspace       used 4002K, committed 4160K, reserved 393216K
  class space    used 491K, committed 576K, reserved 327680K
}
Event: 7.613 GC heap before
{Heap before GC invocations=3 (full 0):
 garbage-first heap   total 262144K, used 129522K [0x00000000e0000000, 0x0000000100000000)
  region size 1024K, 116 young (118784K), 2 survivors (2048K)
 Metaspace       used 21187K, committed 21504K, reserved 393216K
  class space    used 3152K, committed 3328K, reserved 327680K
}
Event: 7.628 GC heap after
{Heap after GC invocations=4 (full 0):
 garbage-first heap   total 262144K, used 22456K [0x00000000e0000000, 0x0000000100000000)
  region size 1024K, 12 young (12288K), 12 survivors (12288K)
 Metaspace       used 21187K, committed 21504K, reserved 393216K
  class space    used 3152K, committed 3328K, reserved 327680K
}
Event: 12.828 GC heap before
{Heap before GC invocations=5 (full 0):
 garbage-first heap   total 262144K, used 140216K [0x00000000e0000000, 0x0000000100000000)
  region size 1024K, 124 young (126976K), 12 survivors (12288K)
 Metaspace       used 35727K, committed 36096K, reserved 393216K
  class space    used 5005K, committed 5184K, reserved 327680K
}
Event: 12.851 GC heap after
{Heap after GC invocations=6 (full 0):
 garbage-first heap   total 262144K, used 32741K [0x00000000e0000000, 0x0000000100000000)
  region size 1024K, 11 young (11264K), 11 survivors (11264K)
 Metaspace       used 35727K, committed 36096K, reserved 393216K
  class space    used 5005K, committed 5184K, reserved 327680K
}
Event: 12.868 GC heap before
{Heap before GC invocations=6 (full 0):
 garbage-first heap   total 262144K, used 32741K [0x00000000e0000000, 0x0000000100000000)
  region size 1024K, 12 young (12288K), 11 survivors (11264K)
 Metaspace       used 35880K, committed 36288K, reserved 393216K
  class space    used 5010K, committed 5184K, reserved 327680K
}
Event: 12.881 GC heap after
{Heap after GC invocations=7 (full 0):
 garbage-first heap   total 262144K, used 33028K [0x00000000e0000000, 0x0000000100000000)
  region size 1024K, 2 young (2048K), 2 survivors (2048K)
 Metaspace       used 35880K, committed 36288K, reserved 393216K
  class space    used 5010K, committed 5184K, reserved 327680K
}
Event: 12.893 GC heap before
{Heap before GC invocations=7 (full 0):
 garbage-first heap   total 262144K, used 35076K [0x00000000e0000000, 0x0000000100000000)
  region size 1024K, 3 young (3072K), 2 survivors (2048K)
 Metaspace       used 36062K, committed 36416K, reserved 393216K
  class space    used 5010K, committed 5184K, reserved 327680K
}
Event: 12.894 GC heap after
{Heap after GC invocations=8 (full 0):
 garbage-first heap   total 262144K, used 32957K [0x00000000e0000000, 0x0000000100000000)
  region size 1024K, 1 young (1024K), 1 survivors (1024K)
 Metaspace       used 36062K, committed 36416K, reserved 393216K
  class space    used 5010K, committed 5184K, reserved 327680K
}

